<?xml version="1.0" encoding="UTF-8"?>
<!-- Generated by org.testng.reporters.JUnitReportReporter -->
<testsuite hostname="Shankar_Laptop" failures="0" tests="4" name="api.test.UserTests" time="8.648" errors="0" timestamp="2024-05-11T12:27:18 IST" skipped="0">
  <testcase classname="api.test.UserTests" name="testPostUser" time="3.430"/>
  <system-out/>
  <testcase classname="api.test.UserTests" name="testGetUserbyID" time="1.446"/>
  <system-out/>
  <testcase classname="api.test.UserTests" name="testEditUserById" time="2.342"/>
  <system-out/>
  <testcase classname="api.test.UserTests" name="testDeleteUser" time="1.430"/>
  <system-out/>
</testsuite> <!-- api.test.UserTests -->
