<?xml version="1.0" encoding="UTF-8"?>
<!-- Generated by org.testng.reporters.JUnitReportReporter -->
<testsuite hostname="Shankar_Laptop" failures="0" tests="4" name="api.test.UserTests" time="4.769" errors="0" timestamp="2024-05-11T14:26:47 IST" skipped="0">
  <testcase classname="api.test.UserTests" name="testPostUser" time="2.577"/>
  <system-out/>
  <testcase classname="api.test.UserTests" name="testGetUserbyID" time="0.581"/>
  <system-out/>
  <testcase classname="api.test.UserTests" name="testEditUserById" time="1.194"/>
  <system-out/>
  <testcase classname="api.test.UserTests" name="testDeleteUser" time="0.417"/>
  <system-out/>
</testsuite> <!-- api.test.UserTests -->
